[04-May-2013 20:21:55] PHP Fatal error:  Class 'Asset' not found in /srv/www/qr-lbc-website/protected/views/site/index.php on line 3
[04-May-2013 20:21:55] PHP Stack trace:
[04-May-2013 20:21:55] PHP   1. {main}() /srv/www/qr-lbc-website/index.php:0
[04-May-2013 20:21:55] PHP   2. CApplication->run() /srv/www/qr-lbc-website/index.php:13
[04-May-2013 20:21:55] PHP   3. CWebApplication->processRequest() /srv/www/qr-lbc-website/framework/base/CApplication.php:169
[04-May-2013 20:21:55] PHP   4. CWebApplication->runController() /srv/www/qr-lbc-website/framework/web/CWebApplication.php:141
[04-May-2013 20:21:55] PHP   5. CController->run() /srv/www/qr-lbc-website/framework/web/CWebApplication.php:282
[04-May-2013 20:21:55] PHP   6. CController->runActionWithFilters() /srv/www/qr-lbc-website/framework/web/CController.php:265
[04-May-2013 20:21:55] PHP   7. CController->runAction() /srv/www/qr-lbc-website/framework/web/CController.php:286
[04-May-2013 20:21:55] PHP   8. CInlineAction->runWithParams() /srv/www/qr-lbc-website/framework/web/CController.php:308
[04-May-2013 20:21:55] PHP   9. SiteController->actionIndex() /srv/www/qr-lbc-website/framework/web/actions/CInlineAction.php:49
[04-May-2013 20:21:55] PHP  10. CController->render() /srv/www/qr-lbc-website/protected/controllers/SiteController.php:32
[04-May-2013 20:21:55] PHP  11. CController->renderPartial() /srv/www/qr-lbc-website/framework/web/CController.php:782
[04-May-2013 20:21:55] PHP  12. CBaseController->renderFile() /srv/www/qr-lbc-website/framework/web/CController.php:869
[04-May-2013 20:21:55] PHP  13. CBaseController->renderInternal() /srv/www/qr-lbc-website/framework/web/CBaseController.php:95
[04-May-2013 20:21:55] PHP  14. require() /srv/www/qr-lbc-website/framework/web/CBaseController.php:126
[04-May-2013 20:21:55] PHP Fatal error:  Class 'Asset' not found in /srv/www/qr-lbc-website/protected/views/site/index.php on line 3
[04-May-2013 20:21:55] PHP Stack trace:
[04-May-2013 20:21:55] PHP   1. {main}() /srv/www/qr-lbc-website/index.php:0
[04-May-2013 20:21:55] PHP   2. CApplication->run() /srv/www/qr-lbc-website/index.php:13
[04-May-2013 20:21:55] PHP   3. CWebApplication->processRequest() /srv/www/qr-lbc-website/framework/base/CApplication.php:169
[04-May-2013 20:21:55] PHP   4. CWebApplication->runController() /srv/www/qr-lbc-website/framework/web/CWebApplication.php:141
[04-May-2013 20:21:55] PHP   5. CController->run() /srv/www/qr-lbc-website/framework/web/CWebApplication.php:282
[04-May-2013 20:21:55] PHP   6. CController->runActionWithFilters() /srv/www/qr-lbc-website/framework/web/CController.php:265
[04-May-2013 20:21:55] PHP   7. CController->runAction() /srv/www/qr-lbc-website/framework/web/CController.php:286
[04-May-2013 20:21:55] PHP   8. CInlineAction->runWithParams() /srv/www/qr-lbc-website/framework/web/CController.php:308
[04-May-2013 20:21:55] PHP   9. SiteController->actionIndex() /srv/www/qr-lbc-website/framework/web/actions/CInlineAction.php:49
[04-May-2013 20:21:55] PHP  10. CController->render() /srv/www/qr-lbc-website/protected/controllers/SiteController.php:32
[04-May-2013 20:21:55] PHP  11. CController->renderPartial() /srv/www/qr-lbc-website/framework/web/CController.php:782
[04-May-2013 20:21:55] PHP  12. CBaseController->renderFile() /srv/www/qr-lbc-website/framework/web/CController.php:869
[04-May-2013 20:21:55] PHP  13. CBaseController->renderInternal() /srv/www/qr-lbc-website/framework/web/CBaseController.php:95
[04-May-2013 20:21:55] PHP  14. require() /srv/www/qr-lbc-website/framework/web/CBaseController.php:126
[04-May-2013 20:23:45] PHP Fatal error:  Class 'Asset' not found in /srv/www/qr-lbc-website/protected/views/site/index.php on line 3
[04-May-2013 20:23:45] PHP Stack trace:
[04-May-2013 20:23:45] PHP   1. {main}() /srv/www/qr-lbc-website/index.php:0
[04-May-2013 20:23:45] PHP   2. CApplication->run() /srv/www/qr-lbc-website/index.php:13
[04-May-2013 20:23:45] PHP   3. CWebApplication->processRequest() /srv/www/qr-lbc-website/framework/base/CApplication.php:169
[04-May-2013 20:23:45] PHP   4. CWebApplication->runController() /srv/www/qr-lbc-website/framework/web/CWebApplication.php:141
[04-May-2013 20:23:45] PHP   5. CController->run() /srv/www/qr-lbc-website/framework/web/CWebApplication.php:282
[04-May-2013 20:23:45] PHP   6. CController->runActionWithFilters() /srv/www/qr-lbc-website/framework/web/CController.php:265
[04-May-2013 20:23:45] PHP   7. CController->runAction() /srv/www/qr-lbc-website/framework/web/CController.php:286
[04-May-2013 20:23:45] PHP   8. CInlineAction->runWithParams() /srv/www/qr-lbc-website/framework/web/CController.php:308
[04-May-2013 20:23:45] PHP   9. SiteController->actionIndex() /srv/www/qr-lbc-website/framework/web/actions/CInlineAction.php:49
[04-May-2013 20:23:45] PHP  10. CController->render() /srv/www/qr-lbc-website/protected/controllers/SiteController.php:32
[04-May-2013 20:23:45] PHP  11. CController->renderPartial() /srv/www/qr-lbc-website/framework/web/CController.php:782
[04-May-2013 20:23:45] PHP  12. CBaseController->renderFile() /srv/www/qr-lbc-website/framework/web/CController.php:869
[04-May-2013 20:23:45] PHP  13. CBaseController->renderInternal() /srv/www/qr-lbc-website/framework/web/CBaseController.php:95
[04-May-2013 20:23:45] PHP  14. require() /srv/www/qr-lbc-website/framework/web/CBaseController.php:126
[04-May-2013 20:23:45] PHP Fatal error:  Class 'Asset' not found in /srv/www/qr-lbc-website/protected/views/site/index.php on line 3
[04-May-2013 20:23:45] PHP Stack trace:
[04-May-2013 20:23:45] PHP   1. {main}() /srv/www/qr-lbc-website/index.php:0
[04-May-2013 20:23:45] PHP   2. CApplication->run() /srv/www/qr-lbc-website/index.php:13
[04-May-2013 20:23:45] PHP   3. CWebApplication->processRequest() /srv/www/qr-lbc-website/framework/base/CApplication.php:169
[04-May-2013 20:23:45] PHP   4. CWebApplication->runController() /srv/www/qr-lbc-website/framework/web/CWebApplication.php:141
[04-May-2013 20:23:45] PHP   5. CController->run() /srv/www/qr-lbc-website/framework/web/CWebApplication.php:282
[04-May-2013 20:23:45] PHP   6. CController->runActionWithFilters() /srv/www/qr-lbc-website/framework/web/CController.php:265
[04-May-2013 20:23:45] PHP   7. CController->runAction() /srv/www/qr-lbc-website/framework/web/CController.php:286
[04-May-2013 20:23:45] PHP   8. CInlineAction->runWithParams() /srv/www/qr-lbc-website/framework/web/CController.php:308
[04-May-2013 20:23:45] PHP   9. SiteController->actionIndex() /srv/www/qr-lbc-website/framework/web/actions/CInlineAction.php:49
[04-May-2013 20:23:45] PHP  10. CController->render() /srv/www/qr-lbc-website/protected/controllers/SiteController.php:32
[04-May-2013 20:23:45] PHP  11. CController->renderPartial() /srv/www/qr-lbc-website/framework/web/CController.php:782
[04-May-2013 20:23:45] PHP  12. CBaseController->renderFile() /srv/www/qr-lbc-website/framework/web/CController.php:869
[04-May-2013 20:23:45] PHP  13. CBaseController->renderInternal() /srv/www/qr-lbc-website/framework/web/CBaseController.php:95
[04-May-2013 20:23:45] PHP  14. require() /srv/www/qr-lbc-website/framework/web/CBaseController.php:126
[04-May-2013 20:26:55] PHP Fatal error:  Class 'Asset' not found in /srv/www/qr-lbc-website/protected/views/site/index.php on line 3
[04-May-2013 20:26:55] PHP Stack trace:
[04-May-2013 20:26:55] PHP   1. {main}() /srv/www/qr-lbc-website/index.php:0
[04-May-2013 20:26:55] PHP   2. CApplication->run() /srv/www/qr-lbc-website/index.php:13
[04-May-2013 20:26:55] PHP   3. CWebApplication->processRequest() /srv/www/qr-lbc-website/framework/base/CApplication.php:169
[04-May-2013 20:26:55] PHP   4. CWebApplication->runController() /srv/www/qr-lbc-website/framework/web/CWebApplication.php:141
[04-May-2013 20:26:55] PHP   5. CController->run() /srv/www/qr-lbc-website/framework/web/CWebApplication.php:282
[04-May-2013 20:26:55] PHP   6. CController->runActionWithFilters() /srv/www/qr-lbc-website/framework/web/CController.php:265
[04-May-2013 20:26:55] PHP   7. CController->runAction() /srv/www/qr-lbc-website/framework/web/CController.php:286
[04-May-2013 20:26:55] PHP   8. CInlineAction->runWithParams() /srv/www/qr-lbc-website/framework/web/CController.php:308
[04-May-2013 20:26:55] PHP   9. SiteController->actionIndex() /srv/www/qr-lbc-website/framework/web/actions/CInlineAction.php:49
[04-May-2013 20:26:55] PHP  10. CController->render() /srv/www/qr-lbc-website/protected/controllers/SiteController.php:32
[04-May-2013 20:26:55] PHP  11. CController->renderPartial() /srv/www/qr-lbc-website/framework/web/CController.php:782
[04-May-2013 20:26:55] PHP  12. CBaseController->renderFile() /srv/www/qr-lbc-website/framework/web/CController.php:869
[04-May-2013 20:26:55] PHP  13. CBaseController->renderInternal() /srv/www/qr-lbc-website/framework/web/CBaseController.php:95
[04-May-2013 20:26:55] PHP  14. require() /srv/www/qr-lbc-website/framework/web/CBaseController.php:126
[04-May-2013 20:26:55] PHP Fatal error:  Class 'Asset' not found in /srv/www/qr-lbc-website/protected/views/site/index.php on line 3
[04-May-2013 20:26:55] PHP Stack trace:
[04-May-2013 20:26:55] PHP   1. {main}() /srv/www/qr-lbc-website/index.php:0
[04-May-2013 20:26:55] PHP   2. CApplication->run() /srv/www/qr-lbc-website/index.php:13
[04-May-2013 20:26:55] PHP   3. CWebApplication->processRequest() /srv/www/qr-lbc-website/framework/base/CApplication.php:169
[04-May-2013 20:26:55] PHP   4. CWebApplication->runController() /srv/www/qr-lbc-website/framework/web/CWebApplication.php:141
[04-May-2013 20:26:55] PHP   5. CController->run() /srv/www/qr-lbc-website/framework/web/CWebApplication.php:282
[04-May-2013 20:26:55] PHP   6. CController->runActionWithFilters() /srv/www/qr-lbc-website/framework/web/CController.php:265
[04-May-2013 20:26:55] PHP   7. CController->runAction() /srv/www/qr-lbc-website/framework/web/CController.php:286
[04-May-2013 20:26:55] PHP   8. CInlineAction->runWithParams() /srv/www/qr-lbc-website/framework/web/CController.php:308
[04-May-2013 20:26:55] PHP   9. SiteController->actionIndex() /srv/www/qr-lbc-website/framework/web/actions/CInlineAction.php:49
[04-May-2013 20:26:55] PHP  10. CController->render() /srv/www/qr-lbc-website/protected/controllers/SiteController.php:32
[04-May-2013 20:26:55] PHP  11. CController->renderPartial() /srv/www/qr-lbc-website/framework/web/CController.php:782
[04-May-2013 20:26:55] PHP  12. CBaseController->renderFile() /srv/www/qr-lbc-website/framework/web/CController.php:869
[04-May-2013 20:26:55] PHP  13. CBaseController->renderInternal() /srv/www/qr-lbc-website/framework/web/CBaseController.php:95
[04-May-2013 20:26:55] PHP  14. require() /srv/www/qr-lbc-website/framework/web/CBaseController.php:126
[04-May-2013 20:28:02] PHP Parse error:  syntax error, unexpected ')' in /srv/www/qr-lbc-website/protected/models/Asset.php on line 19
[04-May-2013 20:28:02] PHP Stack trace:
[04-May-2013 20:28:02] PHP   1. {main}() /srv/www/qr-lbc-website/index.php:0
[04-May-2013 20:28:02] PHP   2. CApplication->run() /srv/www/qr-lbc-website/index.php:13
[04-May-2013 20:28:02] PHP   3. CWebApplication->processRequest() /srv/www/qr-lbc-website/framework/base/CApplication.php:169
[04-May-2013 20:28:02] PHP   4. CWebApplication->runController() /srv/www/qr-lbc-website/framework/web/CWebApplication.php:141
[04-May-2013 20:28:02] PHP   5. CController->run() /srv/www/qr-lbc-website/framework/web/CWebApplication.php:282
[04-May-2013 20:28:02] PHP   6. CController->runActionWithFilters() /srv/www/qr-lbc-website/framework/web/CController.php:265
[04-May-2013 20:28:02] PHP   7. CController->runAction() /srv/www/qr-lbc-website/framework/web/CController.php:286
[04-May-2013 20:28:02] PHP   8. CInlineAction->runWithParams() /srv/www/qr-lbc-website/framework/web/CController.php:308
[04-May-2013 20:28:02] PHP   9. SiteController->actionIndex() /srv/www/qr-lbc-website/framework/web/actions/CInlineAction.php:49
[04-May-2013 20:28:02] PHP  10. CController->render() /srv/www/qr-lbc-website/protected/controllers/SiteController.php:32
[04-May-2013 20:28:02] PHP  11. CController->renderPartial() /srv/www/qr-lbc-website/framework/web/CController.php:782
[04-May-2013 20:28:02] PHP  12. CBaseController->renderFile() /srv/www/qr-lbc-website/framework/web/CController.php:869
[04-May-2013 20:28:02] PHP  13. CBaseController->renderInternal() /srv/www/qr-lbc-website/framework/web/CBaseController.php:95
[04-May-2013 20:28:02] PHP  14. require() /srv/www/qr-lbc-website/framework/web/CBaseController.php:126
[04-May-2013 20:28:02] PHP  15. YiiBase::autoload() /srv/www/qr-lbc-website/framework/web/CBaseController.php:0
[04-May-2013 20:28:02] PHP Parse error:  syntax error, unexpected ')' in /srv/www/qr-lbc-website/protected/models/Asset.php on line 19
[04-May-2013 20:28:02] PHP Stack trace:
[04-May-2013 20:28:02] PHP   1. {main}() /srv/www/qr-lbc-website/index.php:0
[04-May-2013 20:28:02] PHP   2. CApplication->run() /srv/www/qr-lbc-website/index.php:13
[04-May-2013 20:28:02] PHP   3. CWebApplication->processRequest() /srv/www/qr-lbc-website/framework/base/CApplication.php:169
[04-May-2013 20:28:02] PHP   4. CWebApplication->runController() /srv/www/qr-lbc-website/framework/web/CWebApplication.php:141
[04-May-2013 20:28:02] PHP   5. CController->run() /srv/www/qr-lbc-website/framework/web/CWebApplication.php:282
[04-May-2013 20:28:02] PHP   6. CController->runActionWithFilters() /srv/www/qr-lbc-website/framework/web/CController.php:265
[04-May-2013 20:28:02] PHP   7. CController->runAction() /srv/www/qr-lbc-website/framework/web/CController.php:286
[04-May-2013 20:28:02] PHP   8. CInlineAction->runWithParams() /srv/www/qr-lbc-website/framework/web/CController.php:308
[04-May-2013 20:28:02] PHP   9. SiteController->actionIndex() /srv/www/qr-lbc-website/framework/web/actions/CInlineAction.php:49
[04-May-2013 20:28:02] PHP  10. CController->render() /srv/www/qr-lbc-website/protected/controllers/SiteController.php:32
[04-May-2013 20:28:02] PHP  11. CController->renderPartial() /srv/www/qr-lbc-website/framework/web/CController.php:782
[04-May-2013 20:28:02] PHP  12. CBaseController->renderFile() /srv/www/qr-lbc-website/framework/web/CController.php:869
[04-May-2013 20:28:02] PHP  13. CBaseController->renderInternal() /srv/www/qr-lbc-website/framework/web/CBaseController.php:95
[04-May-2013 20:28:02] PHP  14. require() /srv/www/qr-lbc-website/framework/web/CBaseController.php:126
[04-May-2013 20:28:02] PHP  15. YiiBase::autoload() /srv/www/qr-lbc-website/framework/web/CBaseController.php:0
